2025-05-18 08:21:27 [main] INFO  Log - Staring WebDriver......
2025-05-18 08:21:31 [main] INFO  Log - Navigating to URL.......
2025-05-18 08:21:32 [main] INFO  Log - Starting lodin test...
2025-05-18 08:21:34 [main] INFO  Log - Verifying title......
2025-05-18 08:21:34 [main] INFO  Log - Closing browser......
2025-05-18 11:57:42 [main] INFO  Log - Staring WebDriver......
2025-05-18 11:57:51 [main] INFO  Log - Navigating to URL.......
2025-05-18 11:57:52 [main] INFO  Log - Starting login test...
2025-05-18 11:57:56 [main] INFO  Log - Verifying title......
2025-05-18 11:57:56 [main] INFO  Log - Closing browser......
2025-05-18 19:02:41 [main] INFO  Log - Staring WebDriver......
2025-05-18 19:02:44 [main] INFO  Log - Navigating to URL.......
2025-05-18 19:02:47 [main] INFO  Log - Starting login test...
2025-05-18 19:02:49 [main] INFO  Log - Verifying title......
2025-05-18 19:02:49 [main] INFO  Log - Closing browser......
2025-05-18 19:07:36 [main] INFO  Log - Staring WebDriver......
2025-05-18 19:07:37 [main] INFO  Log - Navigating to URL.......
2025-05-18 19:07:39 [main] INFO  Log - Starting login test...
2025-05-18 19:07:40 [main] INFO  Log - Verifying title......
2025-05-18 19:07:41 [main] INFO  Log - Closing browser......
2025-05-18 19:09:36 [main] INFO  Log - Staring WebDriver......
2025-05-18 19:09:37 [main] INFO  Log - Navigating to URL.......
2025-05-18 19:09:39 [main] INFO  Log - Starting login test...
2025-05-18 19:09:42 [main] INFO  Log - Verifying title......
2025-05-18 19:09:42 [main] INFO  Log - Closing browser......
2025-05-18 19:11:31 [main] INFO  Log - Staring WebDriver......
2025-05-18 19:11:32 [main] INFO  Log - Navigating to URL.......
2025-05-18 19:11:33 [main] INFO  Log - Starting login test...
2025-05-18 19:11:35 [main] INFO  Log - Verifying title......
2025-05-18 19:11:35 [main] INFO  Log - Closing browser......
2025-05-18 19:14:07 [main] INFO  Log - Staring WebDriver......
2025-05-18 19:14:09 [main] INFO  Log - Navigating to URL.......
2025-05-18 19:14:10 [main] INFO  Log - Starting login test...
2025-05-18 19:14:11 [main] INFO  Log - Verifying title......
2025-05-18 19:14:11 [main] INFO  Log - Closing browser......
2025-05-18 19:14:12 [main] INFO  Log - Staring WebDriver......
2025-05-18 19:14:13 [main] INFO  Log - Navigating to URL.......
2025-05-18 19:14:14 [main] INFO  Log - Starting login test...
2025-05-18 19:14:17 [main] INFO  Log - Verifying title......
2025-05-18 19:14:17 [main] INFO  Log - Closing browser......
2025-05-18 22:17:32 [main] INFO  Log - Staring WebDriver......
2025-05-18 22:17:34 [main] INFO  Log - Navigating to URL.......
2025-05-18 22:17:36 [main] INFO  Log - Starting login test...
2025-05-18 22:17:43 [main] INFO  Log - Verifying title......
2025-05-18 22:17:43 [main] INFO  Log - Closing browser......
2025-05-18 22:17:43 [main] INFO  Log - Staring WebDriver......
2025-05-18 22:17:44 [main] INFO  Log - Navigating to URL.......
2025-05-18 22:17:51 [main] INFO  Log - Starting login test...
2025-05-19 10:50:36 [main] INFO  Log - Staring WebDriver......
2025-05-19 10:50:39 [main] INFO  Log - Navigating to URL.......
2025-05-19 10:50:41 [main] INFO  Log - Starting login test...
2025-05-19 10:50:42 [main] INFO  Log - Verifying title......
2025-05-19 10:50:43 [main] INFO  Log - Closing browser......
2025-05-19 10:50:43 [main] INFO  Log - Staring WebDriver......
2025-05-19 10:50:44 [main] INFO  Log - Navigating to URL.......
2025-05-19 10:50:45 [main] INFO  Log - Starting login test...
2025-05-19 10:50:46 [main] INFO  Log - Verifying title......
2025-05-19 10:50:46 [main] INFO  Log - Closing browser......
2025-05-19 10:50:46 [main] INFO  Log - Staring WebDriver......
2025-05-19 10:50:47 [main] INFO  Log - Navigating to URL.......
2025-05-19 10:50:48 [main] INFO  Log - Starting login test...
2025-05-19 10:50:51 [main] INFO  Log - Verifying title......
2025-05-19 10:50:51 [main] INFO  Log - Closing browser......
2025-05-19 11:08:30 [main] INFO  Log - Staring WebDriver......
2025-05-19 11:08:32 [main] INFO  Log - Navigating to URL.......
2025-05-19 11:08:33 [main] INFO  Log - Starting login test...
2025-05-19 11:08:34 [main] INFO  Log - Verifying title......
2025-05-19 11:08:34 [main] INFO  Log - Closing browser......
2025-05-19 11:08:34 [main] INFO  Log - Staring WebDriver......
2025-05-19 11:08:35 [main] INFO  Log - Navigating to URL.......
2025-05-19 11:08:37 [main] INFO  Log - Starting login test...
2025-05-19 11:08:37 [main] INFO  Log - Verifying title......
2025-05-19 11:08:37 [main] INFO  Log - Closing browser......
2025-05-19 11:08:37 [main] INFO  Log - Staring WebDriver......
2025-05-19 11:08:38 [main] INFO  Log - Navigating to URL.......
2025-05-19 11:08:40 [main] INFO  Log - Starting login test...
2025-05-19 11:08:40 [main] INFO  Log - Verifying title......
2025-05-19 11:08:41 [main] INFO  Log - Closing browser......
